[  -78551ms] [ERROR] Failed to load resource: net::ERR_BLOCKED_BY_CLIENT @ https://dc.services.visualstudio.com/v2/track:0
[  -76651ms] [ERROR] Failed to load resource: net::ERR_BLOCKED_BY_CLIENT @ https://dc.services.visualstudio.com/v2/track:0
[  -73327ms] [ERROR] Failed to load resource: net::ERR_BLOCKED_BY_CLIENT @ https://northeurope-0.in.applicationinsights.azure.com/v2/track:0
[  -72818ms] [ERROR] Failed to load resource: net::ERR_BLOCKED_BY_CLIENT @ https://northeurope-0.in.applicationinsights.azure.com/v2/track:0
[  -72125ms] [ERROR] Failed to load resource: net::ERR_BLOCKED_BY_CLIENT @ https://dc.services.visualstudio.com/v2/track:0
[  -72124ms] [ERROR] Failed to load resource: net::ERR_BLOCKED_BY_CLIENT @ https://northeurope-0.in.applicationinsights.azure.com/v2/track:0
[  -72124ms] [ERROR] Failed to load resource: net::ERR_BLOCKED_BY_CLIENT @ https://dc.services.visualstudio.com/v2/track:0
[  -31232ms] [ERROR] Failed to load resource: net::ERR_BLOCKED_BY_CLIENT @ https://dc.services.visualstudio.com/v2/track:0
[   -1973ms] [ERROR] Failed to load resource: net::ERR_BLOCKED_BY_CLIENT @ https://dc.services.visualstudio.com/v2/track:0
[  -76891ms] [ERROR] newRequest @ https://orch-cdn.uipath.com/client/dist/vendor.20bd8c315f18de84.js:33
[   28774ms] [ERROR] Failed to load resource: net::ERR_BLOCKED_BY_CLIENT @ https://dc.services.visualstudio.com/v2/track:0
[   38269ms] [ERROR] Failed to load resource: net::ERR_BLOCKED_BY_CLIENT @ https://northeurope-0.in.applicationinsights.azure.com/v2/track:0
[   38269ms] [ERROR] Failed to load resource: net::ERR_BLOCKED_BY_CLIENT @ https://dc.services.visualstudio.com/v2/track:0
[   51597ms] [ERROR] Failed to load resource: net::ERR_BLOCKED_BY_CLIENT @ https://dc.services.visualstudio.com/v2/track:0
[   51597ms] [ERROR] Failed to load resource: net::ERR_BLOCKED_BY_CLIENT @ https://northeurope-0.in.applicationinsights.azure.com/v2/track:0
[   51599ms] [ERROR] Failed to load resource: net::ERR_BLOCKED_BY_CLIENT @ https://dc.services.visualstudio.com/v2/track:0
[   52355ms] [ERROR] Failed to load resource: net::ERR_BLOCKED_BY_CLIENT @ https://dc.services.visualstudio.com/v2/track:0
[   52891ms] [ERROR] newRequest @ https://orch-cdn.uipath.com/client/dist/vendor.20bd8c315f18de84.js:33
[   54210ms] [ERROR] Failed to load resource: net::ERR_BLOCKED_BY_CLIENT @ https://northeurope-0.in.applicationinsights.azure.com/v2/track:0
[   54758ms] [ERROR] Failed to load resource: net::ERR_BLOCKED_BY_CLIENT @ https://northeurope-0.in.applicationinsights.azure.com/v2/track:0
