[-12539820ms] [ERROR] Failed to load resource: net::ERR_BLOCKED_BY_CLIENT @ https://dc.services.visualstudio.com/v2/track:0
[-12509832ms] [ERROR] Failed to load resource: net::ERR_BLOCKED_BY_CLIENT @ https://dc.services.visualstudio.com/v2/track:0
[-12478220ms] [ERROR] Failed to load resource: net::ERR_BLOCKED_BY_CLIENT @ https://dc.services.visualstudio.com/v2/track:0
[-12448220ms] [ERROR] Failed to load resource: net::ERR_BLOCKED_BY_CLIENT @ https://dc.services.visualstudio.com/v2/track:0
[-12393219ms] [ERROR] Failed to load resource: net::ERR_BLOCKED_BY_CLIENT @ https://dc.services.visualstudio.com/v2/track:0
[-12334526ms] [ERROR] Failed to load resource: net::ERR_BLOCKED_BY_CLIENT @ https://dc.services.visualstudio.com/v2/track:0
[-12298252ms] [ERROR] Failed to load resource: net::ERR_BLOCKED_BY_CLIENT @ https://dc.services.visualstudio.com/v2/track:0
[-12268257ms] [ERROR] Failed to load resource: net::ERR_BLOCKED_BY_CLIENT @ https://dc.services.visualstudio.com/v2/track:0
[-12213258ms] [ERROR] Failed to load resource: net::ERR_BLOCKED_BY_CLIENT @ https://dc.services.visualstudio.com/v2/track:0
[-12153258ms] [ERROR] Failed to load resource: net::ERR_BLOCKED_BY_CLIENT @ https://dc.services.visualstudio.com/v2/track:0
[-12093257ms] [ERROR] Failed to load resource: net::ERR_BLOCKED_BY_CLIENT @ https://dc.services.visualstudio.com/v2/track:0
[-12033259ms] [ERROR] Failed to load resource: net::ERR_BLOCKED_BY_CLIENT @ https://dc.services.visualstudio.com/v2/track:0
[-11973258ms] [ERROR] Failed to load resource: net::ERR_BLOCKED_BY_CLIENT @ https://dc.services.visualstudio.com/v2/track:0
[-11913256ms] [ERROR] Failed to load resource: net::ERR_BLOCKED_BY_CLIENT @ https://dc.services.visualstudio.com/v2/track:0
[-11853255ms] [ERROR] Failed to load resource: net::ERR_BLOCKED_BY_CLIENT @ https://dc.services.visualstudio.com/v2/track:0
[-11793257ms] [ERROR] Failed to load resource: net::ERR_BLOCKED_BY_CLIENT @ https://dc.services.visualstudio.com/v2/track:0
[-11733258ms] [ERROR] Failed to load resource: net::ERR_BLOCKED_BY_CLIENT @ https://dc.services.visualstudio.com/v2/track:0
[-11673256ms] [ERROR] Failed to load resource: net::ERR_BLOCKED_BY_CLIENT @ https://dc.services.visualstudio.com/v2/track:0
[-11613258ms] [ERROR] Failed to load resource: net::ERR_BLOCKED_BY_CLIENT @ https://dc.services.visualstudio.com/v2/track:0
[-10799234ms] [ERROR] Failed to load resource: net::ERR_BLOCKED_BY_CLIENT @ https://dc.services.visualstudio.com/v2/track:0
[-10799233ms] [ERROR] Failed to load resource: net::ERR_BLOCKED_BY_CLIENT @ https://northeurope-0.in.applicationinsights.azure.com/v2/track:0
[-10799233ms] [ERROR] Failed to load resource: net::ERR_BLOCKED_BY_CLIENT @ https://dc.services.visualstudio.com/v2/track:0
[-10768233ms] [ERROR] Failed to load resource: net::ERR_BLOCKED_BY_CLIENT @ https://dc.services.visualstudio.com/v2/track:0
[-10738233ms] [ERROR] Failed to load resource: net::ERR_BLOCKED_BY_CLIENT @ https://dc.services.visualstudio.com/v2/track:0
[-10738233ms] [ERROR] Failed to load resource: net::ERR_BLOCKED_BY_CLIENT @ https://dc.services.visualstudio.com/v2/track:0
[-10708236ms] [ERROR] Failed to load resource: net::ERR_BLOCKED_BY_CLIENT @ https://dc.services.visualstudio.com/v2/track:0
[-10678235ms] [ERROR] Failed to load resource: net::ERR_BLOCKED_BY_CLIENT @ https://dc.services.visualstudio.com/v2/track:0
[-10648234ms] [ERROR] Failed to load resource: net::ERR_BLOCKED_BY_CLIENT @ https://dc.services.visualstudio.com/v2/track:0
[-10618236ms] [ERROR] Failed to load resource: net::ERR_BLOCKED_BY_CLIENT @ https://dc.services.visualstudio.com/v2/track:0
[-10533232ms] [ERROR] Failed to load resource: net::ERR_BLOCKED_BY_CLIENT @ https://dc.services.visualstudio.com/v2/track:0
[-10258234ms] [ERROR] Failed to load resource: net::ERR_BLOCKED_BY_CLIENT @ https://dc.services.visualstudio.com/v2/track:0
[-10228230ms] [ERROR] Failed to load resource: net::ERR_BLOCKED_BY_CLIENT @ https://dc.services.visualstudio.com/v2/track:0
[-10173233ms] [ERROR] Failed to load resource: net::ERR_BLOCKED_BY_CLIENT @ https://dc.services.visualstudio.com/v2/track:0
[-10113233ms] [ERROR] Failed to load resource: net::ERR_BLOCKED_BY_CLIENT @ https://dc.services.visualstudio.com/v2/track:0
[-10053231ms] [ERROR] Failed to load resource: net::ERR_BLOCKED_BY_CLIENT @ https://dc.services.visualstudio.com/v2/track:0
[-9993232ms] [ERROR] Failed to load resource: net::ERR_BLOCKED_BY_CLIENT @ https://dc.services.visualstudio.com/v2/track:0
[-9933231ms] [ERROR] Failed to load resource: net::ERR_BLOCKED_BY_CLIENT @ https://dc.services.visualstudio.com/v2/track:0
[-9873228ms] [ERROR] Failed to load resource: net::ERR_BLOCKED_BY_CLIENT @ https://dc.services.visualstudio.com/v2/track:0
[-9813229ms] [ERROR] Failed to load resource: net::ERR_BLOCKED_BY_CLIENT @ https://dc.services.visualstudio.com/v2/track:0
[-9753231ms] [ERROR] Failed to load resource: net::ERR_BLOCKED_BY_CLIENT @ https://dc.services.visualstudio.com/v2/track:0
[-9693227ms] [ERROR] Failed to load resource: net::ERR_BLOCKED_BY_CLIENT @ https://dc.services.visualstudio.com/v2/track:0
[-9633229ms] [ERROR] Failed to load resource: net::ERR_BLOCKED_BY_CLIENT @ https://dc.services.visualstudio.com/v2/track:0
[-9573227ms] [ERROR] Failed to load resource: net::ERR_BLOCKED_BY_CLIENT @ https://dc.services.visualstudio.com/v2/track:0
[-9513227ms] [ERROR] Failed to load resource: net::ERR_BLOCKED_BY_CLIENT @ https://dc.services.visualstudio.com/v2/track:0
[-9453226ms] [ERROR] Failed to load resource: net::ERR_BLOCKED_BY_CLIENT @ https://dc.services.visualstudio.com/v2/track:0
[-9393229ms] [ERROR] Failed to load resource: net::ERR_BLOCKED_BY_CLIENT @ https://dc.services.visualstudio.com/v2/track:0
[-9333228ms] [ERROR] Failed to load resource: net::ERR_BLOCKED_BY_CLIENT @ https://dc.services.visualstudio.com/v2/track:0
[-9273230ms] [ERROR] Failed to load resource: net::ERR_BLOCKED_BY_CLIENT @ https://dc.services.visualstudio.com/v2/track:0
[-9213227ms] [ERROR] Failed to load resource: net::ERR_BLOCKED_BY_CLIENT @ https://dc.services.visualstudio.com/v2/track:0
[-9153227ms] [ERROR] Failed to load resource: net::ERR_BLOCKED_BY_CLIENT @ https://dc.services.visualstudio.com/v2/track:0
[-9093227ms] [ERROR] Failed to load resource: net::ERR_BLOCKED_BY_CLIENT @ https://dc.services.visualstudio.com/v2/track:0
[-9033227ms] [ERROR] Failed to load resource: net::ERR_BLOCKED_BY_CLIENT @ https://dc.services.visualstudio.com/v2/track:0
[-8973225ms] [ERROR] Failed to load resource: net::ERR_BLOCKED_BY_CLIENT @ https://dc.services.visualstudio.com/v2/track:0
[-8733223ms] [ERROR] Failed to load resource: net::ERR_BLOCKED_BY_CLIENT @ https://dc.services.visualstudio.com/v2/track:0
[-8673224ms] [ERROR] Failed to load resource: net::ERR_BLOCKED_BY_CLIENT @ https://dc.services.visualstudio.com/v2/track:0
[-8613223ms] [ERROR] Failed to load resource: net::ERR_BLOCKED_BY_CLIENT @ https://dc.services.visualstudio.com/v2/track:0
[-8553224ms] [ERROR] Failed to load resource: net::ERR_BLOCKED_BY_CLIENT @ https://dc.services.visualstudio.com/v2/track:0
[-8493225ms] [ERROR] Failed to load resource: net::ERR_BLOCKED_BY_CLIENT @ https://dc.services.visualstudio.com/v2/track:0
[-8433224ms] [ERROR] Failed to load resource: net::ERR_BLOCKED_BY_CLIENT @ https://dc.services.visualstudio.com/v2/track:0
[-8373223ms] [ERROR] Failed to load resource: net::ERR_BLOCKED_BY_CLIENT @ https://dc.services.visualstudio.com/v2/track:0
[-8313209ms] [ERROR] Failed to load resource: net::ERR_BLOCKED_BY_CLIENT @ https://dc.services.visualstudio.com/v2/track:0
[-8253207ms] [ERROR] Failed to load resource: net::ERR_BLOCKED_BY_CLIENT @ https://dc.services.visualstudio.com/v2/track:0
[-8193205ms] [ERROR] Failed to load resource: net::ERR_BLOCKED_BY_CLIENT @ https://dc.services.visualstudio.com/v2/track:0
[-7233194ms] [ERROR] Failed to load resource: net::ERR_BLOCKED_BY_CLIENT @ https://dc.services.visualstudio.com/v2/track:0
[-7233193ms] [ERROR] Failed to load resource: net::ERR_BLOCKED_BY_CLIENT @ https://northeurope-0.in.applicationinsights.azure.com/v2/track:0
[-7233193ms] [ERROR] Failed to load resource: net::ERR_BLOCKED_BY_CLIENT @ https://dc.services.visualstudio.com/v2/track:0
[-7202196ms] [ERROR] Failed to load resource: net::ERR_BLOCKED_BY_CLIENT @ https://dc.services.visualstudio.com/v2/track:0
[-7172194ms] [ERROR] Failed to load resource: net::ERR_BLOCKED_BY_CLIENT @ https://dc.services.visualstudio.com/v2/track:0
[-7142244ms] [ERROR] Failed to load resource: net::ERR_BLOCKED_BY_CLIENT @ https://dc.services.visualstudio.com/v2/track:0
[-7138246ms] [ERROR] Failed to load resource: net::ERR_BLOCKED_BY_CLIENT @ https://dc.services.visualstudio.com/v2/track:0
[-7112245ms] [ERROR] Failed to load resource: net::ERR_BLOCKED_BY_CLIENT @ https://dc.services.visualstudio.com/v2/track:0
[-7082244ms] [ERROR] Failed to load resource: net::ERR_BLOCKED_BY_CLIENT @ https://dc.services.visualstudio.com/v2/track:0
[-7052245ms] [ERROR] Failed to load resource: net::ERR_BLOCKED_BY_CLIENT @ https://dc.services.visualstudio.com/v2/track:0
[-6993248ms] [ERROR] Failed to load resource: net::ERR_BLOCKED_BY_CLIENT @ https://dc.services.visualstudio.com/v2/track:0
[-6933246ms] [ERROR] Failed to load resource: net::ERR_BLOCKED_BY_CLIENT @ https://dc.services.visualstudio.com/v2/track:0
[-6092246ms] [ERROR] Failed to load resource: net::ERR_BLOCKED_BY_CLIENT @ https://dc.services.visualstudio.com/v2/track:0
[-6062248ms] [ERROR] Failed to load resource: net::ERR_BLOCKED_BY_CLIENT @ https://dc.services.visualstudio.com/v2/track:0
[-5973244ms] [ERROR] Failed to load resource: net::ERR_BLOCKED_BY_CLIENT @ https://dc.services.visualstudio.com/v2/track:0
[-5913333ms] [ERROR] Failed to load resource: net::ERR_BLOCKED_BY_CLIENT @ https://dc.services.visualstudio.com/v2/track:0
[-5853336ms] [ERROR] Failed to load resource: net::ERR_BLOCKED_BY_CLIENT @ https://dc.services.visualstudio.com/v2/track:0
[-5193350ms] [ERROR] Failed to load resource: net::ERR_BLOCKED_BY_CLIENT @ https://dc.services.visualstudio.com/v2/track:0
[-5133352ms] [ERROR] Failed to load resource: net::ERR_BLOCKED_BY_CLIENT @ https://dc.services.visualstudio.com/v2/track:0
[-5073352ms] [ERROR] Failed to load resource: net::ERR_BLOCKED_BY_CLIENT @ https://dc.services.visualstudio.com/v2/track:0
[-5013355ms] [ERROR] Failed to load resource: net::ERR_BLOCKED_BY_CLIENT @ https://dc.services.visualstudio.com/v2/track:0
[-4953356ms] [ERROR] Failed to load resource: net::ERR_BLOCKED_BY_CLIENT @ https://dc.services.visualstudio.com/v2/track:0
[-3813381ms] [ERROR] Failed to load resource: net::ERR_BLOCKED_BY_CLIENT @ https://dc.services.visualstudio.com/v2/track:0
[-3753384ms] [ERROR] Failed to load resource: net::ERR_BLOCKED_BY_CLIENT @ https://dc.services.visualstudio.com/v2/track:0
[-3693387ms] [ERROR] Failed to load resource: net::ERR_BLOCKED_BY_CLIENT @ https://dc.services.visualstudio.com/v2/track:0
[-3633385ms] [ERROR] Failed to load resource: net::ERR_BLOCKED_BY_CLIENT @ https://dc.services.visualstudio.com/v2/track:0
[-3633385ms] [ERROR] Failed to load resource: net::ERR_BLOCKED_BY_CLIENT @ https://northeurope-0.in.applicationinsights.azure.com/v2/track:0
[-3633378ms] [ERROR] Failed to load resource: net::ERR_BLOCKED_BY_CLIENT @ https://dc.services.visualstudio.com/v2/track:0
[-3602386ms] [ERROR] Failed to load resource: net::ERR_BLOCKED_BY_CLIENT @ https://dc.services.visualstudio.com/v2/track:0
[-3572387ms] [ERROR] Failed to load resource: net::ERR_BLOCKED_BY_CLIENT @ https://dc.services.visualstudio.com/v2/track:0
[-3542389ms] [ERROR] Failed to load resource: net::ERR_BLOCKED_BY_CLIENT @ https://dc.services.visualstudio.com/v2/track:0
[-3538390ms] [ERROR] Failed to load resource: net::ERR_BLOCKED_BY_CLIENT @ https://dc.services.visualstudio.com/v2/track:0
[-3512391ms] [ERROR] Failed to load resource: net::ERR_BLOCKED_BY_CLIENT @ https://dc.services.visualstudio.com/v2/track:0
[-3482391ms] [ERROR] Failed to load resource: net::ERR_BLOCKED_BY_CLIENT @ https://dc.services.visualstudio.com/v2/track:0
[-3452390ms] [ERROR] Failed to load resource: net::ERR_BLOCKED_BY_CLIENT @ https://dc.services.visualstudio.com/v2/track:0
[-3393393ms] [ERROR] Failed to load resource: net::ERR_BLOCKED_BY_CLIENT @ https://dc.services.visualstudio.com/v2/track:0
[-3333393ms] [ERROR] Failed to load resource: net::ERR_BLOCKED_BY_CLIENT @ https://dc.services.visualstudio.com/v2/track:0
[-2793405ms] [ERROR] Failed to load resource: net::ERR_BLOCKED_BY_CLIENT @ https://dc.services.visualstudio.com/v2/track:0
[-2733408ms] [ERROR] Failed to load resource: net::ERR_BLOCKED_BY_CLIENT @ https://dc.services.visualstudio.com/v2/track:0
[-2673409ms] [ERROR] Failed to load resource: net::ERR_BLOCKED_BY_CLIENT @ https://dc.services.visualstudio.com/v2/track:0
[-2613411ms] [ERROR] Failed to load resource: net::ERR_BLOCKED_BY_CLIENT @ https://dc.services.visualstudio.com/v2/track:0
[-2553412ms] [ERROR] Failed to load resource: net::ERR_BLOCKED_BY_CLIENT @ https://dc.services.visualstudio.com/v2/track:0
[-1593432ms] [ERROR] Failed to load resource: net::ERR_BLOCKED_BY_CLIENT @ https://dc.services.visualstudio.com/v2/track:0
[-1533429ms] [ERROR] Failed to load resource: net::ERR_BLOCKED_BY_CLIENT @ https://dc.services.visualstudio.com/v2/track:0
[-1473436ms] [ERROR] Failed to load resource: net::ERR_BLOCKED_BY_CLIENT @ https://dc.services.visualstudio.com/v2/track:0
[-1413437ms] [ERROR] Failed to load resource: net::ERR_BLOCKED_BY_CLIENT @ https://dc.services.visualstudio.com/v2/track:0
[-1353439ms] [ERROR] Failed to load resource: net::ERR_BLOCKED_BY_CLIENT @ https://dc.services.visualstudio.com/v2/track:0
[ -874274ms] [ERROR] Failed to load resource: net::ERR_BLOCKED_BY_CLIENT @ https://dc.services.visualstudio.com/v2/track:0
[ -844144ms] [ERROR] Failed to load resource: net::ERR_BLOCKED_BY_CLIENT @ https://dc.services.visualstudio.com/v2/track:0
[ -814136ms] [ERROR] Failed to load resource: net::ERR_BLOCKED_BY_CLIENT @ https://dc.services.visualstudio.com/v2/track:0
[ -784069ms] [ERROR] Failed to load resource: net::ERR_BLOCKED_BY_CLIENT @ https://dc.services.visualstudio.com/v2/track:0
[ -756978ms] [ERROR] Failed to load resource: net::ERR_BLOCKED_BY_CLIENT @ https://dc.services.visualstudio.com/v2/track:0
[ -724150ms] [ERROR] Failed to load resource: net::ERR_BLOCKED_BY_CLIENT @ https://dc.services.visualstudio.com/v2/track:0
[ -694144ms] [ERROR] Failed to load resource: net::ERR_BLOCKED_BY_CLIENT @ https://dc.services.visualstudio.com/v2/track:0
[ -664139ms] [ERROR] Failed to load resource: net::ERR_BLOCKED_BY_CLIENT @ https://dc.services.visualstudio.com/v2/track:0
[ -634144ms] [ERROR] Failed to load resource: net::ERR_BLOCKED_BY_CLIENT @ https://dc.services.visualstudio.com/v2/track:0
[ -604146ms] [ERROR] Failed to load resource: net::ERR_BLOCKED_BY_CLIENT @ https://dc.services.visualstudio.com/v2/track:0
[ -574152ms] [ERROR] Failed to load resource: net::ERR_BLOCKED_BY_CLIENT @ https://dc.services.visualstudio.com/v2/track:0
[ -544151ms] [ERROR] Failed to load resource: net::ERR_BLOCKED_BY_CLIENT @ https://dc.services.visualstudio.com/v2/track:0
[ -514158ms] [ERROR] Failed to load resource: net::ERR_BLOCKED_BY_CLIENT @ https://dc.services.visualstudio.com/v2/track:0
[ -484153ms] [ERROR] Failed to load resource: net::ERR_BLOCKED_BY_CLIENT @ https://dc.services.visualstudio.com/v2/track:0
[ -454165ms] [ERROR] Failed to load resource: net::ERR_BLOCKED_BY_CLIENT @ https://dc.services.visualstudio.com/v2/track:0
[ -429350ms] [ERROR] Failed to load resource: net::ERR_BLOCKED_BY_CLIENT @ https://dc.services.visualstudio.com/v2/track:0
[ -394151ms] [ERROR] Failed to load resource: net::ERR_BLOCKED_BY_CLIENT @ https://dc.services.visualstudio.com/v2/track:0
[ -364159ms] [ERROR] Failed to load resource: net::ERR_BLOCKED_BY_CLIENT @ https://dc.services.visualstudio.com/v2/track:0
[ -333140ms] [ERROR] Failed to load resource: net::ERR_BLOCKED_BY_CLIENT @ https://dc.services.visualstudio.com/v2/track:0
[ -304161ms] [ERROR] Failed to load resource: net::ERR_BLOCKED_BY_CLIENT @ https://dc.services.visualstudio.com/v2/track:0
[ -274157ms] [ERROR] Failed to load resource: net::ERR_BLOCKED_BY_CLIENT @ https://dc.services.visualstudio.com/v2/track:0
[ -244138ms] [ERROR] Failed to load resource: net::ERR_BLOCKED_BY_CLIENT @ https://dc.services.visualstudio.com/v2/track:0
[ -214169ms] [ERROR] Failed to load resource: net::ERR_BLOCKED_BY_CLIENT @ https://dc.services.visualstudio.com/v2/track:0
[ -184167ms] [ERROR] Failed to load resource: net::ERR_BLOCKED_BY_CLIENT @ https://dc.services.visualstudio.com/v2/track:0
[ -154165ms] [ERROR] Failed to load resource: net::ERR_BLOCKED_BY_CLIENT @ https://dc.services.visualstudio.com/v2/track:0
[ -124174ms] [ERROR] Failed to load resource: net::ERR_BLOCKED_BY_CLIENT @ https://dc.services.visualstudio.com/v2/track:0
[  -94163ms] [ERROR] Failed to load resource: net::ERR_BLOCKED_BY_CLIENT @ https://dc.services.visualstudio.com/v2/track:0
[  -89109ms] [ERROR] Failed to load resource: net::ERR_BLOCKED_BY_CLIENT @ https://northeurope-0.in.applicationinsights.azure.com/v2/track:0
[  -89107ms] [ERROR] Failed to load resource: net::ERR_BLOCKED_BY_CLIENT @ https://dc.services.visualstudio.com/v2/track:0
[  -58981ms] [ERROR] Failed to load resource: net::ERR_BLOCKED_BY_CLIENT @ https://dc.services.visualstudio.com/v2/track:0
[  -28978ms] [ERROR] Failed to load resource: net::ERR_BLOCKED_BY_CLIENT @ https://dc.services.visualstudio.com/v2/track:0
[   -3954ms] [ERROR] Failed to load resource: net::ERR_BLOCKED_BY_CLIENT @ https://dc.services.visualstudio.com/v2/track:0
[-14355461ms] [ERROR] newRequest @ https://orch-cdn.uipath.com/client/dist/vendor.20bd8c315f18de84.js:33
[-14074489ms] [WARNING] [WARN] Event type change is not supported. @ chrome-extension://piajhjohgigijkddhdpgbjdcfhmammbk/content.js:6
[-13922765ms] [WARNING] Table header sum is currently 85 ( < 100 ) please update column definitions. @ https://orch-cdn.uipath.com/client/dist/vendor.20bd8c315f18de84.js:33
[-13922350ms] [WARNING] Unsatisfied version 25.12.0 from realtimedashboards of shared singleton module @uipath/apollo-lab (required ^24.1.3) @ https://cloud.uipath.com/solutionse2e/as_prd_cace_01_d/insightsrtm_/remoteEntry.js:0
[-13588426ms] [WARNING] [A11Y]: icon button doesn't have a MatTooltip.

An icon button should have a tooltip to clarify it's purpose. The tooltip's content is shown on mouse and keyboard hover and, for assistive technology users, it is used as the button's label.
You can disable this directive using the boolean disable-auto-accessible-label attribute in case you need more control over the button's accessible label. JSHandle@node @ https://sol-cdn.uipath.com/management-remote/v17/893.e34dd8a09f2ba809.js:0
[-13588420ms] [WARNING] [A11Y]: icon button doesn't have a MatTooltip.

An icon button should have a tooltip to clarify it's purpose. The tooltip's content is shown on mouse and keyboard hover and, for assistive technology users, it is used as the button's label.
You can disable this directive using the boolean disable-auto-accessible-label attribute in case you need more control over the button's accessible label. JSHandle@node @ https://sol-cdn.uipath.com/management-remote/v17/893.e34dd8a09f2ba809.js:0
[-13588417ms] [WARNING] [A11Y]: icon button doesn't have a MatTooltip.

An icon button should have a tooltip to clarify it's purpose. The tooltip's content is shown on mouse and keyboard hover and, for assistive technology users, it is used as the button's label.
You can disable this directive using the boolean disable-auto-accessible-label attribute in case you need more control over the button's accessible label. JSHandle@node @ https://sol-cdn.uipath.com/management-remote/v17/893.e34dd8a09f2ba809.js:0
[-13588414ms] [WARNING] [A11Y]: icon button doesn't have a MatTooltip.

An icon button should have a tooltip to clarify it's purpose. The tooltip's content is shown on mouse and keyboard hover and, for assistive technology users, it is used as the button's label.
You can disable this directive using the boolean disable-auto-accessible-label attribute in case you need more control over the button's accessible label. JSHandle@node @ https://sol-cdn.uipath.com/management-remote/v17/893.e34dd8a09f2ba809.js:0
[-13588411ms] [WARNING] [A11Y]: icon button doesn't have a MatTooltip.

An icon button should have a tooltip to clarify it's purpose. The tooltip's content is shown on mouse and keyboard hover and, for assistive technology users, it is used as the button's label.
You can disable this directive using the boolean disable-auto-accessible-label attribute in case you need more control over the button's accessible label. JSHandle@node @ https://sol-cdn.uipath.com/management-remote/v17/893.e34dd8a09f2ba809.js:0
[-13588409ms] [WARNING] [A11Y]: icon button doesn't have a MatTooltip.

An icon button should have a tooltip to clarify it's purpose. The tooltip's content is shown on mouse and keyboard hover and, for assistive technology users, it is used as the button's label.
You can disable this directive using the boolean disable-auto-accessible-label attribute in case you need more control over the button's accessible label. JSHandle@node @ https://sol-cdn.uipath.com/management-remote/v17/893.e34dd8a09f2ba809.js:0
[-13588407ms] [WARNING] [A11Y]: icon button doesn't have a MatTooltip.

An icon button should have a tooltip to clarify it's purpose. The tooltip's content is shown on mouse and keyboard hover and, for assistive technology users, it is used as the button's label.
You can disable this directive using the boolean disable-auto-accessible-label attribute in case you need more control over the button's accessible label. JSHandle@node @ https://sol-cdn.uipath.com/management-remote/v17/893.e34dd8a09f2ba809.js:0
[-13588405ms] [WARNING] [A11Y]: icon button doesn't have a MatTooltip.

An icon button should have a tooltip to clarify it's purpose. The tooltip's content is shown on mouse and keyboard hover and, for assistive technology users, it is used as the button's label.
You can disable this directive using the boolean disable-auto-accessible-label attribute in case you need more control over the button's accessible label. JSHandle@node @ https://sol-cdn.uipath.com/management-remote/v17/893.e34dd8a09f2ba809.js:0
[-13588403ms] [WARNING] [A11Y]: icon button doesn't have a MatTooltip.

An icon button should have a tooltip to clarify it's purpose. The tooltip's content is shown on mouse and keyboard hover and, for assistive technology users, it is used as the button's label.
You can disable this directive using the boolean disable-auto-accessible-label attribute in case you need more control over the button's accessible label. JSHandle@node @ https://sol-cdn.uipath.com/management-remote/v17/893.e34dd8a09f2ba809.js:0
[-13588399ms] [WARNING] [A11Y]: icon button doesn't have a MatTooltip.

An icon button should have a tooltip to clarify it's purpose. The tooltip's content is shown on mouse and keyboard hover and, for assistive technology users, it is used as the button's label.
You can disable this directive using the boolean disable-auto-accessible-label attribute in case you need more control over the button's accessible label. JSHandle@node @ https://sol-cdn.uipath.com/management-remote/v17/893.e34dd8a09f2ba809.js:0
[-13588397ms] [WARNING] [A11Y]: icon button doesn't have a MatTooltip.

An icon button should have a tooltip to clarify it's purpose. The tooltip's content is shown on mouse and keyboard hover and, for assistive technology users, it is used as the button's label.
You can disable this directive using the boolean disable-auto-accessible-label attribute in case you need more control over the button's accessible label. JSHandle@node @ https://sol-cdn.uipath.com/management-remote/v17/893.e34dd8a09f2ba809.js:0
[-13588396ms] [WARNING] [A11Y]: icon button doesn't have a MatTooltip.

An icon button should have a tooltip to clarify it's purpose. The tooltip's content is shown on mouse and keyboard hover and, for assistive technology users, it is used as the button's label.
You can disable this directive using the boolean disable-auto-accessible-label attribute in case you need more control over the button's accessible label. JSHandle@node @ https://sol-cdn.uipath.com/management-remote/v17/893.e34dd8a09f2ba809.js:0
[-13588394ms] [WARNING] [A11Y]: icon button doesn't have a MatTooltip.

An icon button should have a tooltip to clarify it's purpose. The tooltip's content is shown on mouse and keyboard hover and, for assistive technology users, it is used as the button's label.
You can disable this directive using the boolean disable-auto-accessible-label attribute in case you need more control over the button's accessible label. JSHandle@node @ https://sol-cdn.uipath.com/management-remote/v17/893.e34dd8a09f2ba809.js:0
[-13588393ms] [WARNING] [A11Y]: icon button doesn't have a MatTooltip.

An icon button should have a tooltip to clarify it's purpose. The tooltip's content is shown on mouse and keyboard hover and, for assistive technology users, it is used as the button's label.
You can disable this directive using the boolean disable-auto-accessible-label attribute in case you need more control over the button's accessible label. JSHandle@node @ https://sol-cdn.uipath.com/management-remote/v17/893.e34dd8a09f2ba809.js:0
[-13588391ms] [WARNING] [A11Y]: icon button doesn't have a MatTooltip.

An icon button should have a tooltip to clarify it's purpose. The tooltip's content is shown on mouse and keyboard hover and, for assistive technology users, it is used as the button's label.
You can disable this directive using the boolean disable-auto-accessible-label attribute in case you need more control over the button's accessible label. JSHandle@node @ https://sol-cdn.uipath.com/management-remote/v17/893.e34dd8a09f2ba809.js:0
[-13588390ms] [WARNING] [A11Y]: icon button doesn't have a MatTooltip.

An icon button should have a tooltip to clarify it's purpose. The tooltip's content is shown on mouse and keyboard hover and, for assistive technology users, it is used as the button's label.
You can disable this directive using the boolean disable-auto-accessible-label attribute in case you need more control over the button's accessible label. JSHandle@node @ https://sol-cdn.uipath.com/management-remote/v17/893.e34dd8a09f2ba809.js:0
[-13588389ms] [WARNING] [A11Y]: icon button doesn't have a MatTooltip.

An icon button should have a tooltip to clarify it's purpose. The tooltip's content is shown on mouse and keyboard hover and, for assistive technology users, it is used as the button's label.
You can disable this directive using the boolean disable-auto-accessible-label attribute in case you need more control over the button's accessible label. JSHandle@node @ https://sol-cdn.uipath.com/management-remote/v17/893.e34dd8a09f2ba809.js:0
[-13588385ms] [WARNING] [A11Y]: icon button doesn't have a MatTooltip.

An icon button should have a tooltip to clarify it's purpose. The tooltip's content is shown on mouse and keyboard hover and, for assistive technology users, it is used as the button's label.
You can disable this directive using the boolean disable-auto-accessible-label attribute in case you need more control over the button's accessible label. JSHandle@node @ https://sol-cdn.uipath.com/management-remote/v17/893.e34dd8a09f2ba809.js:0
[-13588384ms] [WARNING] [A11Y]: icon button doesn't have a MatTooltip.

An icon button should have a tooltip to clarify it's purpose. The tooltip's content is shown on mouse and keyboard hover and, for assistive technology users, it is used as the button's label.
You can disable this directive using the boolean disable-auto-accessible-label attribute in case you need more control over the button's accessible label. JSHandle@node @ https://sol-cdn.uipath.com/management-remote/v17/893.e34dd8a09f2ba809.js:0
[-13588383ms] [WARNING] [A11Y]: icon button doesn't have a MatTooltip.

An icon button should have a tooltip to clarify it's purpose. The tooltip's content is shown on mouse and keyboard hover and, for assistive technology users, it is used as the button's label.
You can disable this directive using the boolean disable-auto-accessible-label attribute in case you need more control over the button's accessible label. JSHandle@node @ https://sol-cdn.uipath.com/management-remote/v17/893.e34dd8a09f2ba809.js:0
[-13588382ms] [WARNING] [A11Y]: icon button doesn't have a MatTooltip.

An icon button should have a tooltip to clarify it's purpose. The tooltip's content is shown on mouse and keyboard hover and, for assistive technology users, it is used as the button's label.
You can disable this directive using the boolean disable-auto-accessible-label attribute in case you need more control over the button's accessible label. JSHandle@node @ https://sol-cdn.uipath.com/management-remote/v17/893.e34dd8a09f2ba809.js:0
[-13588381ms] [WARNING] [A11Y]: icon button doesn't have a MatTooltip.

An icon button should have a tooltip to clarify it's purpose. The tooltip's content is shown on mouse and keyboard hover and, for assistive technology users, it is used as the button's label.
You can disable this directive using the boolean disable-auto-accessible-label attribute in case you need more control over the button's accessible label. JSHandle@node @ https://sol-cdn.uipath.com/management-remote/v17/893.e34dd8a09f2ba809.js:0
[-13588380ms] [WARNING] [A11Y]: icon button doesn't have a MatTooltip.

An icon button should have a tooltip to clarify it's purpose. The tooltip's content is shown on mouse and keyboard hover and, for assistive technology users, it is used as the button's label.
You can disable this directive using the boolean disable-auto-accessible-label attribute in case you need more control over the button's accessible label. JSHandle@node @ https://sol-cdn.uipath.com/management-remote/v17/893.e34dd8a09f2ba809.js:0
[-13588378ms] [WARNING] [A11Y]: icon button doesn't have a MatTooltip.

An icon button should have a tooltip to clarify it's purpose. The tooltip's content is shown on mouse and keyboard hover and, for assistive technology users, it is used as the button's label.
You can disable this directive using the boolean disable-auto-accessible-label attribute in case you need more control over the button's accessible label. JSHandle@node @ https://sol-cdn.uipath.com/management-remote/v17/893.e34dd8a09f2ba809.js:0
[-13588377ms] [WARNING] [A11Y]: icon button doesn't have a MatTooltip.

An icon button should have a tooltip to clarify it's purpose. The tooltip's content is shown on mouse and keyboard hover and, for assistive technology users, it is used as the button's label.
You can disable this directive using the boolean disable-auto-accessible-label attribute in case you need more control over the button's accessible label. JSHandle@node @ https://sol-cdn.uipath.com/management-remote/v17/893.e34dd8a09f2ba809.js:0
[   31021ms] [ERROR] Failed to load resource: net::ERR_BLOCKED_BY_CLIENT @ https://dc.services.visualstudio.com/v2/track:0
[   60454ms] [ERROR] Failed to load resource: net::ERR_BLOCKED_BY_CLIENT @ https://dc.services.visualstudio.com/v2/track:0
[   60455ms] [ERROR] Failed to load resource: net::ERR_BLOCKED_BY_CLIENT @ https://dc.services.visualstudio.com/v2/track:0
[   91012ms] [ERROR] Failed to load resource: net::ERR_BLOCKED_BY_CLIENT @ https://dc.services.visualstudio.com/v2/track:0
