[   16720ms] [ERROR] Failed to load resource: net::ERR_BLOCKED_BY_CLIENT @ https://www.google.com/gen_204?s=webhp&t=aft&atyp=csi&ei=8jaxaZLaKaWG9u8PgITzmAU&rt=wsrt.306,hst.60,prt.84,aft.84&folr=_8jaxaZLaKaWG9u8PgITzmAU_7&imn=10&dtc=156&stc=34&ima=0&imad=0&imac=0&wh=904&wih=904&dch=904&nt=navigate&dt=&ts=55441&nhp=h3&ant=push&opi=89978449:0
[   16810ms] [ERROR] Failed to load resource: net::ERR_BLOCKED_BY_CLIENT @ https://www.google.com/client_204?atyp=i&biw=1668&bih=905&dpr=2&ei=8jaxaZLaKaWG9u8PgITzmAU&opi=89978449:0
[   16810ms] [ERROR] Failed to load resource: net::ERR_BLOCKED_BY_CLIENT @ https://www.google.com/gen_204?atyp=csi&ei=8jaxaZLaKaWG9u8PgITzmAU&s=webhp&t=all&folr=_8jaxaZLaKaWG9u8PgITzmAU_7&imn=10&dtc=156&stc=34&ima=0&imad=0&imac=0&wh=904&wih=904&dch=904&nt=navigate&dt=&ts=55441&nhp=h3&ant=push&tbdba=0&tbdaa=0&ime=0&imeh=0&imeha=0&imehb=0&imea=0&imeb=0&imel=0&imed=0&imeeb=0&imexb=0&scp=0&cb=55141&ucb=182998&lts=55441&adh=&mem=ujhs.35,tjhs.39,jhsl.4295,dm.8&nv=ne.1,feid.32eeaedb-04aa-4be8-8c63-db44bb50b97a&net=dl.10000,ect.4g,rtt.50,sd.0&hp=&p=bs.true&rt=hst.60,prt.84,aft.84,xjses.130,xjsee.169,xjs.169,fcp.106,lcp.106,wsrt.306,cst.0,dnst.0,rqst.220,rspt.50,rqstt.136,unt.133,cstt.133,dit.393&zx=1773221618743&opi=89978449:0
[   16812ms] [ERROR] Failed to load resource: net::ERR_BLOCKED_BY_CLIENT @ https://www.google.com/gen_204?s=async&astyp=hpba&t=all&atyp=csi&ei=8jaxafe9Ob2pxc8PpeXmmQY&rt=ipf.2,ipfr.92,ttfb.92,st.92,ipfrl.92,acrt.92,aaft.92,art.92,ns.-387&twt=0&mwt=0&imn=0&ima=0&cb=112&ucb=102&folid=_8jaxaZLaKaWG9u8PgITzmAU_7:0
[   16865ms] [ERROR] Failed to load resource: net::ERR_BLOCKED_BY_CLIENT @ https://www.google.com/gen_204?atyp=csi&ei=8jaxaZLaKaWG9u8PgITzmAU&s=promo&rt=hpbas.229&zx=1773221618802&opi=89978449:0
[   16866ms] [ERROR] Failed to load resource: net::ERR_BLOCKED_BY_CLIENT @ https://www.google.com/gen_204?atyp=csi&ei=8jaxaZLaKaWG9u8PgITzmAU&s=promo&rt=hpbas.229,hpbarr.0&zx=1773221618802&opi=89978449:0
[   16900ms] [ERROR] Failed to load resource: net::ERR_BLOCKED_BY_CLIENT @ https://www.google.com/gen_204?atyp=i&ct=psnt&cad=&nt=navigate&ei=8jaxaZLaKaWG9u8PgITzmAU&zx=1773221618840&opi=89978449:0
[   16923ms] [ERROR] Failed to load resource: net::ERR_BLOCKED_BY_CLIENT @ https://www.google.com/gen_204?atyp=i&ei=8jaxaZLaKaWG9u8PgITzmAU&dt19=2&prm23=0&zx=1773221618852&opi=89978449:0
[   16927ms] [ERROR] Failed to load resource: net::ERR_BLOCKED_BY_CLIENT @ https://www.google.com/gen_204?atyp=i&ei=8jaxaZLaKaWG9u8PgITzmAU&vet=10ahUKEwiSm8KlxZeTAxUlg_0HHQDCHFMQuqMJCDA..s&bl=p0jh&s=webhp&lpl=CAUQARgBMAg4A2IGEKCm6JwC&zx=1773221618867&opi=89978449:0
[   17838ms] [ERROR] Failed to load resource: net::ERR_BLOCKED_BY_CLIENT @ https://play.google.com/log?format=json&hasfast=true:0
[   19847ms] [ERROR] Failed to load resource: net::ERR_BLOCKED_BY_CLIENT @ https://play.google.com/log?format=json&hasfast=true:0
[   24019ms] [ERROR] Failed to load resource: net::ERR_BLOCKED_BY_CLIENT @ https://play.google.com/log?format=json&hasfast=true:0
[   31504ms] [ERROR] Failed to load resource: net::ERR_BLOCKED_BY_CLIENT @ https://play.google.com/log?format=json&hasfast=true:0
[   46428ms] [ERROR] Failed to load resource: net::ERR_BLOCKED_BY_CLIENT @ https://play.google.com/log?format=json&hasfast=true:0
[   76234ms] [ERROR] Failed to load resource: net::ERR_BLOCKED_BY_CLIENT @ https://play.google.com/log?format=json&hasfast=true:0
[   78481ms] [ERROR] Failed to load resource: net::ERR_BLOCKED_BY_CLIENT @ https://www.google.com/gen_204?atyp=csi&ei=8jaxaZLaKaWG9u8PgITzmAU&s=webhp&nt=navigate&t=fi&et=keydown&st=62152&fid=1&zx=1773221680420&opi=89978449:0
[  104297ms] [ERROR] Failed to load resource: the server responded with a status of 401 () @ https://lensfrontend-pa.clients6.google.com/v1/gsessionid:0
[  104300ms] [ERROR] Failed to load resource: net::ERR_BLOCKED_BY_CLIENT @ https://www.google.com/gen_204?atyp=csi&rt=sctr.218.19999998807907&s=web&source=searchbox&vit=pdf&opi=89978449:0
[  140941ms] [ERROR] Failed to load resource: net::ERR_BLOCKED_BY_CLIENT @ https://play.google.com/log?format=json&hasfast=true:0
[  276950ms] [ERROR] Failed to load resource: net::ERR_BLOCKED_BY_CLIENT @ https://play.google.com/log?format=json&hasfast=true:0
[  557316ms] [ERROR] Failed to load resource: net::ERR_BLOCKED_BY_CLIENT @ https://play.google.com/log?format=json&hasfast=true:0
[  616822ms] [ERROR] Failed to load resource: net::ERR_BLOCKED_BY_CLIENT @ https://play.google.com/log?format=json&hasfast=true:0
[  890626ms] [ERROR] Failed to load resource: net::ERR_BLOCKED_BY_CLIENT @ https://play.google.com/log?format=json&hasfast=true:0
[ 1190339ms] [ERROR] Failed to load resource: net::ERR_BLOCKED_BY_CLIENT @ https://play.google.com/log?format=json&hasfast=true:0
[ 1216808ms] [ERROR] Failed to load resource: net::ERR_BLOCKED_BY_CLIENT @ https://play.google.com/log?format=json&hasfast=true:0
